Log file open, 04/17/18 09:55:22
LogWindows: Failed to load 'aqProf.dll' (GetLastError=126)
LogWindows: File 'aqProf.dll' does not exist
LogWindows: Failed to load 'VtuneApi.dll' (GetLastError=126)
LogWindows: File 'VtuneApi.dll' does not exist
LogWindows: Failed to load 'VtuneApi32e.dll' (GetLastError=126)
LogWindows: File 'VtuneApi32e.dll' does not exist
LogInit: Display: Running engine for game: Daybreak
LogPlatformFile: Not using cached read wrapper
LogInit: Display: RandInit(620716666) SRandInit(620716666).
LogInit: Read version file with build ID '3709383'
LogInit: Overriding engine version to CL 3832480, compatible CL 3709383
LogInit: Registered custom module enumerator with build ID '3709383'
LogTaskGraph: Started task graph with 5 named threads and 8 total threads with 3 sets of task threads.
LogStats: Stats thread started at 0.172408
LogD3D11RHI: Aftermath initialized
LogModuleManager: Display: Found up-to-date module file ../../../Engine/Plugins/Runtime/ApexDestruction/Binaries/Win64/UE4Editor-ApexDestruction.dll (API version 3709383).
LogModuleManager: Display: Found up-to-date module file ../../../Engine/Plugins/Runtime/ApexDestruction/Binaries/Win64/UE4Editor-ApexDestructionEditor.dll (API version 3709383).
LogModuleManager: Display: Found up-to-date module file ../../../Engine/Plugins/2D/Paper2D/Binaries/Win64/UE4Editor-Paper2D.dll (API version 3709383).
LogModuleManager: Display: Found up-to-date module file ../../../Engine/Plugins/2D/Paper2D/Binaries/Win64/UE4Editor-Paper2DEditor.dll (API version 3709383).
LogModuleManager: Display: Found up-to-date module file ../../../Engine/Plugins/2D/Paper2D/Binaries/Win64/UE4Editor-PaperSpriteSheetImporter.dll (API version 3709383).
LogModuleManager: Display: Found up-to-date module file ../../../Engine/Plugins/2D/Paper2D/Binaries/Win64/UE4Editor-PaperTiledImporter.dll (API version 3709383).
LogModuleManager: Display: Found up-to-date module file ../../../Engine/Plugins/2D/Paper2D/Binaries/Win64/UE4Editor-SmartSnapping.dll (API version 3709383).
LogModuleManager: Display: Found up-to-date module file ../../../Engine/Plugins/Blendables/LightPropagationVolume/Binaries/Win64/UE4Editor-LightPropagationVolumeRuntime.dll (API version 3709383).
LogModuleManager: Display: Found up-to-date module file ../../../Engine/Plugins/Blendables/LightPropagationVolume/Binaries/Win64/UE4Editor-LightPropagationVolumeEditor.dll (API version 3709383).
LogModuleManager: Display: Found up-to-date module file ../../../Engine/Plugins/Developer/GitSourceControl/Binaries/Win64/UE4Editor-GitSourceControl.dll (API version 3709383).
LogModuleManager: Display: Found up-to-date module file ../../../Engine/Plugins/Developer/PerforceSourceControl/Binaries/Win64/UE4Editor-PerforceSourceControl.dll (API version 3709383).
LogModuleManager: Display: Found up-to-date module file ../../../Engine/Plugins/Developer/SubversionSourceControl/Binaries/Win64/UE4Editor-SubversionSourceControl.dll (API version 3709383).
LogModuleManager: Display: Found up-to-date module file ../../../Engine/Plugins/Developer/UObjectPlugin/Binaries/Win64/UE4Editor-UObjectPlugin.dll (API version 3709383).
LogModuleManager: Display: Found up-to-date module file ../../../Engine/Plugins/Developer/VisualStudioCodeSourceCodeAccess/Binaries/Win64/UE4Editor-VisualStudioCodeSourceCodeAccess.dll (API version 3709383).
LogModuleManager: Display: Found up-to-date module file ../../../Engine/Plugins/Developer/VisualStudioSourceCodeAccess/Binaries/Win64/UE4Editor-VisualStudioSourceCodeAccess.dll (API version 3709383).
LogModuleManager: Display: Found up-to-date module file ../../../Engine/Plugins/Editor/AssetManagerEditor/Binaries/Win64/UE4Editor-AssetManagerEditor.dll (API version 3709383).
LogModuleManager: Display: Found up-to-date module file ../../../Engine/Plugins/Editor/AudioCapture/Binaries/Win64/UE4Editor-AudioCapture.dll (API version 3709383).
LogModuleManager: Display: Found up-to-date module file ../../../Engine/Plugins/Editor/FacialAnimation/Binaries/Win64/UE4Editor-FacialAnimation.dll (API version 3709383).
LogModuleManager: Display: Found up-to-date module file ../../../Engine/Plugins/Editor/FacialAnimation/Binaries/Win64/UE4Editor-FacialAnimationEditor.dll (API version 3709383).
LogModuleManager: Display: Found up-to-date module file ../../../Engine/Plugins/Editor/GameplayTagsEditor/Binaries/Win64/UE4Editor-GameplayTagsEditor.dll (API version 3709383).
LogModuleManager: Display: Found up-to-date module file ../../../Engine/Plugins/Editor/MobileLauncherProfileWizard/Binaries/Win64/UE4Editor-MobileLauncherProfileWizard.dll (API version 3709383).
LogModuleManager: Display: Found up-to-date module file ../../../Engine/Plugins/Editor/PluginBrowser/Binaries/Win64/UE4Editor-PluginBrowser.dll (API version 3709383).
LogModuleManager: Display: Found up-to-date module file ../../../Engine/Plugins/Editor/SpeedTreeImporter/Binaries/Win64/UE4Editor-SpeedTreeImporter.dll (API version 3709383).
LogModuleManager: Display: Found up-to-date module file ../../../Engine/Plugins/Experimental/AlembicImporter/Binaries/Win64/UE4Editor-AlembicImporter.dll (API version 3709383).
LogModuleManager: Display: Found up-to-date module file ../../../Engine/Plugins/Experimental/AlembicImporter/Binaries/Win64/UE4Editor-AlembicLibrary.dll (API version 3709383).
LogModuleManager: Display: Found up-to-date module file ../../../Engine/Plugins/Experimental/CharacterAI/Binaries/Win64/UE4Editor-CharacterAI.dll (API version 3709383).
LogModuleManager: Display: Found up-to-date module file ../../../Engine/Plugins/Experimental/HTML5Networking/Binaries/Win64/UE4Editor-HTML5Networking.dll (API version 3709383).
LogModuleManager: Display: Found up-to-date module file ../../../Engine/Plugins/Media/AndroidMedia/Binaries/Win64/UE4Editor-AndroidMediaEditor.dll (API version 3709383).
LogModuleManager: Display: Found up-to-date module file ../../../Engine/Plugins/Media/AndroidMedia/Binaries/Win64/UE4Editor-AndroidMediaFactory.dll (API version 3709383).
LogModuleManager: Display: Found up-to-date module file ../../../Engine/Plugins/Media/AvfMedia/Binaries/Win64/UE4Editor-AvfMediaEditor.dll (API version 3709383).
LogModuleManager: Display: Found up-to-date module file ../../../Engine/Plugins/Media/AvfMedia/Binaries/Win64/UE4Editor-AvfMediaFactory.dll (API version 3709383).
LogModuleManager: Display: Found up-to-date module file ../../../Engine/Plugins/Media/AvfMedia/Binaries/Win64/UE4Editor-AvfMediaFactory.dll (API version 3709383).
LogModuleManager: Display: Found up-to-date module file ../../../Engine/Plugins/Media/ImgMedia/Binaries/Win64/UE4Editor-ImgMedia.dll (API version 3709383).
LogModuleManager: Display: Found up-to-date module file ../../../Engine/Plugins/Media/ImgMedia/Binaries/Win64/UE4Editor-ImgMediaEditor.dll (API version 3709383).
LogModuleManager: Display: Found up-to-date module file ../../../Engine/Plugins/Media/ImgMedia/Binaries/Win64/UE4Editor-ImgMediaFactory.dll (API version 3709383).
LogModuleManager: Display: Found up-to-date module file ../../../Engine/Plugins/Media/ImgMedia/Binaries/Win64/UE4Editor-ImgMediaFactory.dll (API version 3709383).
LogModuleManager: Display: Found up-to-date module file ../../../Engine/Plugins/Media/ImgMedia/Binaries/Win64/UE4Editor-OpenExrWrapper.dll (API version 3709383).
LogModuleManager: Display: Found up-to-date module file ../../../Engine/Plugins/Media/MediaCompositing/Binaries/Win64/UE4Editor-MediaCompositing.dll (API version 3709383).
LogModuleManager: Display: Found up-to-date module file ../../../Engine/Plugins/Media/MediaCompositing/Binaries/Win64/UE4Editor-MediaCompositingEditor.dll (API version 3709383).
LogModuleManager: Display: Found up-to-date module file ../../../Engine/Plugins/Media/MediaPlayerEditor/Binaries/Win64/UE4Editor-MediaPlayerEditor.dll (API version 3709383).
LogModuleManager: Display: Found up-to-date module file ../../../Engine/Plugins/Media/WmfMedia/Binaries/Win64/UE4Editor-WmfMedia.dll (API version 3709383).
LogModuleManager: Display: Found up-to-date module file ../../../Engine/Plugins/Media/WmfMedia/Binaries/Win64/UE4Editor-WmfMediaEditor.dll (API version 3709383).
LogModuleManager: Display: Found up-to-date module file ../../../Engine/Plugins/Media/WmfMedia/Binaries/Win64/UE4Editor-WmfMediaFactory.dll (API version 3709383).
LogModuleManager: Display: Found up-to-date module file ../../../Engine/Plugins/Media/WmfMedia/Binaries/Win64/UE4Editor-WmfMediaFactory.dll (API version 3709383).
LogModuleManager: Display: Found up-to-date module file ../../../Engine/Plugins/Messaging/TcpMessaging/Binaries/Win64/UE4Editor-TcpMessaging.dll (API version 3709383).
LogModuleManager: Display: Found up-to-date module file ../../../Engine/Plugins/Messaging/UdpMessaging/Binaries/Win64/UE4Editor-UdpMessaging.dll (API version 3709383).
LogModuleManager: Display: Found up-to-date module file ../../../Engine/Plugins/MovieScene/ActorSequence/Binaries/Win64/UE4Editor-ActorSequence.dll (API version 3709383).
LogModuleManager: Display: Found up-to-date module file ../../../Engine/Plugins/MovieScene/LevelSequenceEditor/Binaries/Win64/UE4Editor-LevelSequenceEditor.dll (API version 3709383).
LogModuleManager: Display: Found up-to-date module file ../../../Engine/Plugins/MovieScene/MatineeToLevelSequence/Binaries/Win64/UE4Editor-MatineeToLevelSequence.dll (API version 3709383).
LogModuleManager: Display: Found up-to-date module file ../../../Engine/Plugins/Online/OnlineSubsystem/Binaries/Win64/UE4Editor-OnlineSubsystem.dll (API version 3709383).
LogModuleManager: Display: Found up-to-date module file ../../../Engine/Plugins/Runtime/AndroidPermission/Binaries/Win64/UE4Editor-AndroidPermission.dll (API version 3709383).
LogModuleManager: Display: Found up-to-date module file ../../../Engine/Plugins/Online/OnlineSubsystemNull/Binaries/Win64/UE4Editor-OnlineSubsystemNull.dll (API version 3709383).
LogModuleManager: Display: Found up-to-date module file ../../../Engine/Plugins/Online/OnlineSubsystemUtils/Binaries/Win64/UE4Editor-OnlineSubsystemUtils.dll (API version 3709383).
LogModuleManager: Display: Found up-to-date module file ../../../Engine/Plugins/Online/OnlineSubsystemUtils/Binaries/Win64/UE4Editor-OnlineBlueprintSupport.dll (API version 3709383).
LogModuleManager: Display: Found up-to-date module file ../../../Engine/Plugins/Runtime/AndroidDeviceProfileSelector/Binaries/Win64/UE4Editor-AndroidDeviceProfileSelector.dll (API version 3709383).
LogModuleManager: Display: Found up-to-date module file ../../../Engine/Plugins/Runtime/AppleARKit/Binaries/Win64/UE4Editor-AppleARKit.dll (API version 3709383).
LogModuleManager: Display: Found up-to-date module file ../../../Engine/Plugins/Runtime/ArchVisCharacter/Binaries/Win64/UE4Editor-ArchVisCharacter.dll (API version 3709383).
LogModuleManager: Display: Found up-to-date module file ../../../Engine/Plugins/Runtime/CableComponent/Binaries/Win64/UE4Editor-CableComponent.dll (API version 3709383).
LogModuleManager: Display: Found up-to-date module file ../../../Engine/Plugins/Runtime/CustomMeshComponent/Binaries/Win64/UE4Editor-CustomMeshComponent.dll (API version 3709383).
LogModuleManager: Display: Found up-to-date module file ../../../Engine/Plugins/Runtime/ExampleDeviceProfileSelector/Binaries/Win64/UE4Editor-ExampleDeviceProfileSelector.dll (API version 3709383).
LogModuleManager: Display: Found up-to-date module file ../../../Engine/Plugins/Runtime/ImmediatePhysics/Binaries/Win64/UE4Editor-ImmediatePhysics.dll (API version 3709383).
LogModuleManager: Display: Found up-to-date module file ../../../Engine/Plugins/Runtime/ImmediatePhysics/Binaries/Win64/UE4Editor-ImmediatePhysicsEditor.dll (API version 3709383).
LogModuleManager: Display: Found up-to-date module file ../../../Engine/Plugins/Runtime/LocationServicesBPLibrary/Binaries/Win64/UE4Editor-LocationServicesBPLibrary.dll (API version 3709383).
LogModuleManager: Display: Found up-to-date module file ../../../Engine/Plugins/Runtime/MobilePatchingUtils/Binaries/Win64/UE4Editor-MobilePatchingUtils.dll (API version 3709383).
LogModuleManager: Display: Found up-to-date module file ../../../Engine/Plugins/Runtime/Oculus/OculusVR/Binaries/Win64/UE4Editor-OculusHMD.dll (API version 3709383).
LogModuleManager: Display: Found up-to-date module file ../../../Engine/Plugins/Runtime/Oculus/OculusVR/Binaries/Win64/UE4Editor-OculusInput.dll (API version 3709383).
LogModuleManager: Display: Found up-to-date module file ../../../Engine/Plugins/Runtime/Oculus/OculusVR/Binaries/Win64/UE4Editor-OculusEditor.dll (API version 3709383).
LogModuleManager: Display: Found up-to-date module file ../../../Engine/Plugins/Runtime/PhysXVehicles/Binaries/Win64/UE4Editor-PhysXVehicles.dll (API version 3709383).
LogModuleManager: Display: Found up-to-date module file ../../../Engine/Plugins/Runtime/PhysXVehicles/Binaries/Win64/UE4Editor-PhysXVehiclesEditor.dll (API version 3709383).
LogModuleManager: Display: Found up-to-date module file ../../../Engine/Plugins/Runtime/ProceduralMeshComponent/Binaries/Win64/UE4Editor-ProceduralMeshComponent.dll (API version 3709383).
LogModuleManager: Display: Found up-to-date module file ../../../Engine/Plugins/Runtime/ProceduralMeshComponent/Binaries/Win64/UE4Editor-ProceduralMeshComponentEditor.dll (API version 3709383).
LogModuleManager: Display: Found up-to-date module file ../../../Engine/Plugins/Runtime/RuntimePhysXCooking/Binaries/Win64/UE4Editor-RuntimePhysXCooking.dll (API version 3709383).
LogModuleManager: Display: Found up-to-date module file ../../../Engine/Plugins/Runtime/Steam/SteamVR/Binaries/Win64/UE4Editor-SteamVR.dll (API version 3709383).
LogModuleManager: Display: Found up-to-date module file ../../../Engine/Plugins/Runtime/Steam/SteamVR/Binaries/Win64/UE4Editor-SteamVRController.dll (API version 3709383).
LogModuleManager: Display: Found up-to-date module file ../../../Engine/Plugins/Runtime/WindowsMoviePlayer/Binaries/Win64/UE4Editor-WindowsMoviePlayer.dll (API version 3709383).
LogPluginManager: Mounting plugin Paper2D
LogPluginManager: Mounting plugin LightPropagationVolume
LogPluginManager: Mounting plugin CodeLiteSourceCodeAccess
LogPluginManager: Mounting plugin GitSourceControl
LogPluginManager: Mounting plugin KDevelopSourceCodeAccess
LogPluginManager: Mounting plugin NullSourceCodeAccess
LogPluginManager: Mounting plugin PerforceSourceControl
LogPluginManager: Mounting plugin SubversionSourceControl
LogPluginManager: Mounting plugin UObjectPlugin
LogPluginManager: Mounting plugin VisualStudioCodeSourceCodeAccess
LogPluginManager: Mounting plugin VisualStudioSourceCodeAccess
LogPluginManager: Mounting plugin XCodeSourceCodeAccess
LogPluginManager: Mounting plugin AssetManagerEditor
LogPluginManager: Mounting plugin AudioCapture
LogPluginManager: Mounting plugin FacialAnimation
LogPluginManager: Mounting plugin GameplayTagsEditor
LogPluginManager: Mounting plugin MobileLauncherProfileWizard
LogPluginManager: Mounting plugin PluginBrowser
LogPluginManager: Mounting plugin SpeedTreeImporter
LogPluginManager: Mounting plugin AlembicImporter
LogPluginManager: Mounting plugin CharacterAI
LogPluginManager: Mounting plugin HTML5Networking
LogPluginManager: Mounting plugin AndroidMedia
LogPluginManager: Mounting plugin AvfMedia
LogPluginManager: Mounting plugin ImgMedia
LogPluginManager: Mounting plugin MediaCompositing
LogPluginManager: Mounting plugin MediaPlayerEditor
LogPluginManager: Mounting plugin WmfMedia
LogPluginManager: Mounting plugin TcpMessaging
LogPluginManager: Mounting plugin UdpMessaging
LogPluginManager: Mounting plugin ActorSequence
LogPluginManager: Mounting plugin LevelSequenceEditor
LogPluginManager: Mounting plugin MatineeToLevelSequence
LogPluginManager: Mounting plugin OnlineSubsystemGooglePlay
LogPluginManager: Mounting plugin OnlineSubsystemIOS
LogPluginManager: Mounting plugin OnlineSubsystem
LogPluginManager: Mounting plugin OnlineSubsystemNull
LogPluginManager: Mounting plugin OnlineSubsystemUtils
LogPluginManager: Mounting plugin AndroidDeviceProfileSelector
LogPluginManager: Mounting plugin AndroidMoviePlayer
LogPluginManager: Mounting plugin AndroidPermission
LogPluginManager: Mounting plugin ApexDestruction
LogPluginManager: Mounting plugin AppleARKit
LogPluginManager: Mounting plugin AppleMoviePlayer
LogPluginManager: Mounting plugin ArchVisCharacter
LogPluginManager: Mounting plugin CableComponent
LogPluginManager: Mounting plugin CustomMeshComponent
LogPluginManager: Mounting plugin ExampleDeviceProfileSelector
LogPluginManager: Mounting plugin GoogleCloudMessaging
LogPluginManager: Mounting plugin ImmediatePhysics
LogPluginManager: Mounting plugin IOSDeviceProfileSelector
LogPluginManager: Mounting plugin LinuxDeviceProfileSelector
LogPluginManager: Mounting plugin LocationServicesBPLibrary
LogPluginManager: Mounting plugin MobilePatchingUtils
LogPluginManager: Mounting plugin OculusVR
LogPluginManager: Plugin shader directory ../../../Engine/Plugins/Runtime/Oculus/OculusVR/Shaders found
LogPluginManager: Mapping shader source directory ../../../Engine/Plugins/Runtime/Oculus/OculusVR/Shaders to virtual directory /Plugin/OculusVR
LogPluginManager: Mounting plugin PhysXVehicles
LogPluginManager: Mounting plugin ProceduralMeshComponent
LogPluginManager: Mounting plugin RuntimePhysXCooking
LogPluginManager: Mounting plugin SteamVR
LogPluginManager: Mounting plugin WindowsMoviePlayer
LogInit: Using libcurl 7.47.1
LogInit:  - built for x86_64-pc-win32
LogInit:  - supports SSL with OpenSSL/1.0.2g
LogInit:  - supports HTTP deflate (compression) using libz 1.2.8
LogInit:  - other features:
LogInit:      CURL_VERSION_SSL
LogInit:      CURL_VERSION_LIBZ
LogInit:      CURL_VERSION_IPV6
LogInit:      CURL_VERSION_ASYNCHDNS
LogInit:      CURL_VERSION_LARGEFILE
LogInit:      CURL_VERSION_IDN
LogInit:  CurlRequestOptions (configurable via config and command line):
LogInit:  - bVerifyPeer = false  - Libcurl will NOT verify peer certificate
LogInit:  - bUseHttpProxy = false  - Libcurl will NOT use HTTP proxy
LogInit:  - bDontReuseConnections = false  - Libcurl will reuse connections
LogInit:  - CertBundlePath = nullptr  - Libcurl will use whatever was configured at build time.
LogInit: Build: ++UE4+Release-4.18-CL-3832480
LogInit: Engine Version: 4.18.3-3832480+++UE4+Release-4.18
LogInit: Compatible Engine Version: 4.18.0-3709383+++UE4+Release-4.18
LogInit: Net CL: 3709383
LogDevObjectVersion: Number of dev versions registered: 16
LogDevObjectVersion:   Dev-Blueprints (B0D832E4-1F89-4F0D-ACCF-7EB736FD4AA2): 10
LogDevObjectVersion:   Dev-Build (E1C64328-A22C-4D53-A36C-8E866417BD8C): 0
LogDevObjectVersion:   Dev-Core (375EC13C-06E4-48FB-B500-84F0262A717E): 2
LogDevObjectVersion:   Dev-Editor (E4B068ED-F494-42E9-A231-DA0B2E46BB41): 20
LogDevObjectVersion:   Dev-Framework (CFFC743F-43B0-4480-9391-14DF171D2073): 30
LogDevObjectVersion:   Dev-Mobile (B02B49B5-BB20-44E9-A304-32B752E40360): 0
LogDevObjectVersion:   Dev-Networking (A4E4105C-59A1-49B5-A7C5-40C4547EDFEE): 0
LogDevObjectVersion:   Dev-Online (39C831C9-5AE6-47DC-9A44-9C173E1C8E7C): 0
LogDevObjectVersion:   Dev-Physics (78F01B33-EBEA-4F98-B9B4-84EACCB95AA2): 0
LogDevObjectVersion:   Dev-Platform (6631380F-2D4D-43E0-8009-CF276956A95A): 0
LogDevObjectVersion:   Dev-Rendering (12F88B9F-8875-4AFC-A67C-D90C383ABD29): 20
LogDevObjectVersion:   Dev-Sequencer (7B5AE74C-D270-4C10-A958-57980B212A5A): 4
LogDevObjectVersion:   Dev-VR (D7296918-1DD6-4BDD-9DE2-64A83CC13884): 0
LogDevObjectVersion:   Dev-LoadTimes (C2A15278-BFE7-4AFE-6C17-90FF531DF755): 1
LogDevObjectVersion:   Private-Geometry (6EACA3D4-40EC-4CC1-B786-8BED09428FC5): 1
LogDevObjectVersion:   Dev-AnimPhys (29E575DD-E0A3-4627-9D10-D276232CDCEA): 12
LogInit: Compiled (64-bit): Jan 12 2018 02:04:55
LogInit: Compiled with Visual C++: 19.00.24215.01
LogInit: Build Configuration: Development
LogInit: Branch Name: ++UE4+Release-4.18
LogInit: Command line:  
LogInit: Base directory: C:/Program Files/Epic Games/UE_4.18/Engine/Binaries/Win64/
LogInit: Installed Engine Build: 1
LogInit: Presizing for max 8388607 objects, including 0 objects not considered by GC, pre-allocating 0 bytes for permanent pool.
LogInit: Object subsystem initialized
[2018.04.17-13.55.27:135][  0]LogInit: Selected Device Profile: [Windows]
[2018.04.17-13.55.27:135][  0]LogInit: Applying CVar settings loaded from the selected device profile: [Windows]
[2018.04.17-13.55.27:204][  0]LogInit: Computer: CHESTER
[2018.04.17-13.55.27:204][  0]LogInit: User: Chiara
[2018.04.17-13.55.27:204][  0]LogInit: CPU Page size=4096, Cores=2
[2018.04.17-13.55.27:204][  0]LogInit: High frequency timer resolution =2.338336 MHz
[2018.04.17-13.55.27:205][  0]LogMemory: Memory total: Physical=7.9GB (8GB approx)
[2018.04.17-13.55.27:205][  0]LogMemory: Platform Memory Stats for Windows
[2018.04.17-13.55.27:205][  0]LogMemory: Process Physical Memory: 271.59 MB used, 271.59 MB peak
[2018.04.17-13.55.27:205][  0]LogMemory: Process Virtual Memory: 269.28 MB used, 269.28 MB peak
[2018.04.17-13.55.27:205][  0]LogMemory: Physical Memory: 4080.96 MB used,  3992.00 MB free, 8072.96 MB total
[2018.04.17-13.55.27:205][  0]LogMemory: Virtual Memory: 678.39 MB used,  3992.00 MB free, 134217728.00 MB total
[2018.04.17-13.55.27:837][  0]LogInit: Using OS detected language (en-US).
[2018.04.17-13.55.27:837][  0]LogInit: Using OS detected locale (en-US).
[2018.04.17-13.55.28:038][  0]LogTextLocalizationManager: No specific localization for 'en-US' exists, so the 'en' localization will be used.
[2018.04.17-13.55.29:224][  0]LogInit: Setting process to per monitor DPI aware
[2018.04.17-13.55.35:142][  0]LogD3D11RHI: D3D11 adapters:
[2018.04.17-13.55.35:155][  0]LogD3D11RHI:    0. 'Intel(R) HD Graphics Family' (Feature Level 11_0)
[2018.04.17-13.55.35:155][  0]LogD3D11RHI:       112/0/2048 MB DedicatedVideo/DedicatedSystem/SharedSystem, Outputs:1, VendorId:0x8086
[2018.04.17-13.55.35:179][  0]LogD3D11RHI:    1. 'Microsoft Basic Render Driver' (Feature Level 11_0)
[2018.04.17-13.55.35:180][  0]LogD3D11RHI:       0/0/4036 MB DedicatedVideo/DedicatedSystem/SharedSystem, Outputs:0, VendorId:0x1414
[2018.04.17-13.55.35:180][  0]LogD3D11RHI: Chosen D3D11 Adapter: 0
[2018.04.17-13.55.35:197][  0]LogD3D11RHI: Creating new Direct3DDevice
[2018.04.17-13.55.35:197][  0]LogD3D11RHI:     GPU DeviceId: 0xa16 (for the marketing name, search the web for "GPU Device Id")
[2018.04.17-13.55.35:197][  0]LogWindows: EnumDisplayDevices:
[2018.04.17-13.55.35:197][  0]LogWindows:    0. 'Intel(R) HD Graphics Family' (P:1 D:1)
[2018.04.17-13.55.35:198][  0]LogWindows:    1. 'Intel(R) HD Graphics Family' (P:0 D:0)
[2018.04.17-13.55.35:198][  0]LogWindows:    2. 'Intel(R) HD Graphics Family' (P:0 D:0)
[2018.04.17-13.55.35:198][  0]LogWindows: DebugString: GetVideoDriverDetailsInvalid PrimaryIsNotTheChoosenAdapter GetVideoDriverDetailsInvalid PrimaryIsNotTheChoosenAdapter GetVideoDriverDetailsInvalid PrimaryIsNotTheChoosenAdapter FoundDriverCount:0 
[2018.04.17-13.55.35:198][  0]LogD3D11RHI:     Adapter Name: Intel(R) HD Graphics Family
[2018.04.17-13.55.35:198][  0]LogD3D11RHI:   Driver Version: Unknown (internal:Unknown, unified:Unknown)
[2018.04.17-13.55.35:198][  0]LogD3D11RHI:      Driver Date: Unknown
[2018.04.17-13.55.35:198][  0]LogRHI: Texture pool is 795 MB (70% of 1136 MB)
[2018.04.17-13.55.35:209][  0]LogD3D11RHI: Async texture creation enabled
[2018.04.17-13.55.35:217][  0]LogD3D11RHI: GPU Timing Frequency: 12.500000 (Debug: 2 0)
[2018.04.17-13.55.35:218][  0]LogShaderCompilers: Guid format shader working directory is -28 characters bigger than the processId version (../../../../../../Users/Chiara/Documents/Unreal Projects/Daybreak/Daybreak/Intermediate/Shaders/WorkingDirectory/62680/).
[2018.04.17-13.55.35:218][  0]LogShaderCompilers: Cleaned the shader compiler working directory 'C:/Users/Chiara/AppData/Local/Temp/UnrealShaderWorkingDir/5308E75149BD660C520FAEB561A994A9/'.
[2018.04.17-13.55.35:218][  0]LogShaderCompilers: Display: Using Local Shader Compiler.
[2018.04.17-13.55.41:438][  0]LogTemp: Display: Loaded TP AllDesktopTargetPlatform
[2018.04.17-13.55.41:566][  0]LogTemp: Display: Loaded TP MacClientTargetPlatform
[2018.04.17-13.55.41:724][  0]LogTemp: Display: Loaded TP MacNoEditorTargetPlatform
[2018.04.17-13.55.41:846][  0]LogTemp: Display: Loaded TP MacServerTargetPlatform
[2018.04.17-13.55.42:043][  0]LogTemp: Display: Loaded TP MacTargetPlatform
[2018.04.17-13.55.42:207][  0]LogTemp: Display: Loaded TP WindowsClientTargetPlatform
[2018.04.17-13.55.42:369][  0]LogTemp: Display: Loaded TP WindowsNoEditorTargetPlatform
[2018.04.17-13.55.42:530][  0]LogTemp: Display: Loaded TP WindowsServerTargetPlatform
[2018.04.17-13.55.42:686][  0]LogTemp: Display: Loaded TP WindowsTargetPlatform
[2018.04.17-13.55.42:860][  0]LogTemp: Display: Loaded TP Android_ASTCTargetPlatform
[2018.04.17-13.55.43:000][  0]LogTemp: Display: Loaded TP Android_ATCTargetPlatform
[2018.04.17-13.55.43:121][  0]LogTemp: Display: Loaded TP Android_DXTTargetPlatform
[2018.04.17-13.55.43:329][  0]LogTemp: Display: Loaded TP Android_ETC1TargetPlatform
[2018.04.17-13.55.43:571][  0]LogTemp: Display: Loaded TP Android_ETC2TargetPlatform
[2018.04.17-13.55.44:087][  0]LogTemp: Display: Loaded TP Android_MultiTargetPlatform
[2018.04.17-13.55.44:087][  0]LogTemp: Display: Loaded TP Android_PVRTCTargetPlatform
[2018.04.17-13.55.44:362][  0]LogTemp: Display: Loaded TP AndroidTargetPlatform
[2018.04.17-13.55.44:536][  0]LogTemp: Display: Loaded TP HTML5TargetPlatform
[2018.04.17-13.55.45:018][  0]LogTemp: Display: Loaded TP IOSTargetPlatform
[2018.04.17-13.55.45:121][  0]LogTemp: Display: Loaded TP TVOSTargetPlatform
[2018.04.17-13.55.45:324][  0]LogTemp: Display: Loaded TP LinuxClientTargetPlatform
[2018.04.17-13.55.45:499][  0]LogTemp: Display: Loaded TP LinuxNoEditorTargetPlatform
[2018.04.17-13.55.45:687][  0]LogTemp: Display: Loaded TP LinuxServerTargetPlatform
[2018.04.17-13.55.46:036][  0]LogTemp: Display: Loaded TP LinuxTargetPlatform
[2018.04.17-13.55.46:036][  0]LogTargetPlatformManager: Display: Building Assets For Windows
[2018.04.17-13.55.48:937][  0]LogDerivedDataCache: Display: Max Cache Size: 512 MB
[2018.04.17-13.55.50:950][  0]LogDerivedDataCache: Loaded boot cache 2.01s 78MB C:/Users/Chiara/AppData/Local/UnrealEngine/4.18/DerivedDataCache/Boot.ddc.
[2018.04.17-13.55.50:950][  0]LogDerivedDataCache: Display: Loaded Boot cache: C:/Users/Chiara/AppData/Local/UnrealEngine/4.18/DerivedDataCache/Boot.ddc
[2018.04.17-13.55.50:950][  0]LogDerivedDataCache: FDerivedDataBackendGraph:  Pak pak cache file ../../../../../../Users/Chiara/Documents/Unreal Projects/Daybreak/Daybreak/DerivedDataCache/DDC.ddp not found, will not use a pak cache.
[2018.04.17-13.55.50:950][  0]LogDerivedDataCache: Unable to find inner node Pak for hierarchical cache Hierarchy.
[2018.04.17-13.55.50:950][  0]LogDerivedDataCache: FDerivedDataBackendGraph:  CompressedPak pak cache file ../../../../../../Users/Chiara/Documents/Unreal Projects/Daybreak/Daybreak/DerivedDataCache/Compressed.ddp not found, will not use a pak cache.
[2018.04.17-13.55.50:950][  0]LogDerivedDataCache: Unable to find inner node CompressedPak for hierarchical cache Hierarchy.
[2018.04.17-13.55.50:987][  0]LogDerivedDataCache: Display: Pak cache opened for reading ../../../Engine/DerivedDataCache/Compressed.ddp.
[2018.04.17-13.55.51:003][  0]LogDerivedDataCache: Using Local data cache path C:/Users/Chiara/AppData/Local/UnrealEngine/Common/DerivedDataCache: Writable
[2018.04.17-13.55.51:027][  0]LogMaterial: Verifying Global Shaders for PCD3D_SM5
[2018.04.17-13.55.51:028][  0]LogSlate: Using Freetype 2.6.0
[2018.04.17-13.55.51:120][  0]LogSlate: SlateFontCache - WITH_FREETYPE: 1, WITH_HARFBUZZ: 1
[2018.04.17-13.55.51:120][  0]LogSlate: SlateFontCache - WITH_FREETYPE: 1, WITH_HARFBUZZ: 1
[2018.04.17-13.56.00:990][  0]LogInit: Selected Device Profile: [Windows]
[2018.04.17-13.56.02:411][  0]LogSimplygon: Simplygon DLL not present - disabling.
[2018.04.17-13.56.02:784][  0]LogMeshReduction: Using SimplygonSwarm for distributed automatic mesh merging
[2018.04.17-13.56.02:784][  0]LogMeshReduction: Using QuadricMeshReduction for automatic static mesh reduction
[2018.04.17-13.56.02:784][  0]LogMeshReduction: No automatic skeletal mesh reduction module available
[2018.04.17-13.56.02:784][  0]LogMeshReduction: No automatic mesh merging module available
[2018.04.17-13.56.02:784][  0]LogMeshMerging: No automatic mesh merging module available
[2018.04.17-13.56.02:848][  0]LogNetVersion: Daybreak , NetCL: 3709383, EngineNetVer: 2, GameNetVer: 0 (Checksum: 2052610314)
[2018.04.17-13.56.03:353][  0]LogAssetRegistry: FAssetRegistry took 0.0338 seconds to start up
[2018.04.17-13.56.05:010][  0]LogPackageLocalizationCache: Processed 7 localized package path(s) for 2 prioritized culture(s) in 0.268401 seconds
[2018.04.17-13.56.05:020][  0]LogUObjectArray: 35870 objects as part of root set at end of initial load.
[2018.04.17-13.56.05:020][  0]LogUObjectAllocator: 7363696 out of 0 bytes used by permanent object pool.
[2018.04.17-13.56.05:020][  0]LogUObjectArray: CloseDisregardForGC: 0/0 objects in disregard for GC pool
[2018.04.17-13.56.05:217][  0]LogInit: WinSock: version 1.1 (2.2), MaxSocks=32767, MaxUdp=65467
[2018.04.17-13.56.58:733][  0]LogTcpMessaging: Initializing TcpMessaging bridge
[2018.04.17-13.56.58:843][  0]LogUdpMessaging: Initializing bridge on interface 0.0.0.0:0 to multicast group 230.0.0.1:6666.
[2018.04.17-13.57.02:296][  0]LogMaterial: Uniform references updated for custom material expression Custom.
[2018.04.17-13.57.03:336][  0]SourceControl: Source control is disabled
[2018.04.17-13.57.03:336][  0]SourceControl: Source control is disabled
[2018.04.17-13.57.03:589][  0]SourceControl: Source control is disabled
[2018.04.17-13.57.03:791][  0]SourceControl: Source control is disabled
[2018.04.17-13.57.07:082][  0]LogAndroidPermission: UAndroidPermissionCallbackProxy::GetInstance
[2018.04.17-13.57.07:998][  0]LogOcInput: OculusInput pre-init called
[2018.04.17-13.57.09:794][  0]LogEngine: Initializing Engine...
[2018.04.17-13.57.09:798][  0]LogHMD: Failed to initialize OpenVR with code 110
[2018.04.17-13.57.10:143][  0]LogStats: UGameplayTagsManager::ConstructGameplayTagTree: Construct from data asset -  0.000 s
[2018.04.17-13.57.10:143][  0]LogStats: UGameplayTagsManager::ConstructGameplayTagTree: GameplayTagTreeChangedEvent.Broadcast -  0.000 s
[2018.04.17-13.57.10:462][  0]LogAIModule: Creating AISystem for world Untitled
[2018.04.17-13.57.10:501][  0]LogInit: XAudio2 using 'Speakers / Headphones (Realtek High Definition Audio)' : 2 channels at 48 kHz using 32 bits per sample (channel mask 0x3)
[2018.04.17-13.57.10:715][  0]LogInit: FAudioDevice initialized.
[2018.04.17-13.57.11:147][  0]LogDerivedDataCache: Saved boot cache 0.43s 78MB C:/Users/Chiara/AppData/Local/UnrealEngine/4.18/DerivedDataCache/Boot.ddc.
[2018.04.17-13.57.11:171][  0]LogInit: Texture streaming: Enabled
[2018.04.17-13.57.11:618][  0]LogEngineSessionManager: EngineSessionManager initialized
[2018.04.17-13.57.11:938][  0]LogInit: Transaction tracking system initialized
[2018.04.17-13.57.14:186][  0]BlueprintLog: New page: Editor Load
[2018.04.17-13.57.17:840][  0]LocalizationService: Localization service is disabled
[2018.04.17-13.57.20:831][  0]LogConsoleResponse: Display: 
[2018.04.17-13.57.22:089][  0]LogCook: Display: Max memory allowance for cook 16384mb min free memory 0mb
[2018.04.17-13.57.22:089][  0]LogCook: Display: Mobile HDR setting 1
[2018.04.17-13.57.22:089][  0]LogGameplayTags: Display: UGameplayTagsManager::DoneAddingNativeTags. DelegateIsBound: 0
[2018.04.17-13.57.23:256][  0]LogFileCache: Scanning file cache for directory 'C:/Users/Chiara/Documents/Unreal Projects/Daybreak/Daybreak/Content/' took 0.10s
[2018.04.17-13.57.26:520][  0]SourceControl: Source control is disabled
[2018.04.17-13.57.26:520][  0]Cmd: MAP LOAD FILE="../../../../../../Users/Chiara/Documents/Unreal Projects/Daybreak/Daybreak/Content/SideScrollerBP/Maps/SideScrollerExampleMap.umap" TEMPLATE=0 SHOWPROGRESS=1 FEATURELEVEL=3
[2018.04.17-13.57.26:521][  0]LogEditorServer: Warning: Can't find file '../../../../../../Users/Chiara/Documents/Unreal Projects/Daybreak/Daybreak/Content/SideScrollerBP/Maps/SideScrollerExampleMap.umap'
[2018.04.17-13.57.26:521][  0]Cmd: MAP CHECKDEP NOCLEARLOG
[2018.04.17-13.57.26:635][  0]MapCheck: Map check complete: 0 Error(s), 0 Warning(s), took 113.313ms to complete.
[2018.04.17-13.57.26:635][  0]LogFileHelpers: Loading map 'SideScrollerExampleMap' took 0.114
[2018.04.17-13.57.26:748][  0]LogWindowsTextInputMethodSystem: Display: IME system now deactivated.
[2018.04.17-13.57.26:749][  0]LogWindowsTextInputMethodSystem: Display: IME system now deactivated.
[2018.04.17-13.57.27:063][  0]LogCollectionManager: Loaded 0 collections in 0.011700 seconds
[2018.04.17-13.57.27:206][  0]LogFileCache: Scanning file cache for directory 'C:/Users/Chiara/Documents/Unreal Projects/Daybreak/Daybreak/Saved/Collections/' took 0.01s
[2018.04.17-13.57.27:206][  0]LogFileCache: Scanning file cache for directory 'C:/Users/Chiara/Documents/Unreal Projects/Daybreak/Daybreak/Content/Developers/Chiara/Collections/' took 0.01s
[2018.04.17-13.57.27:206][  0]LogFileCache: Scanning file cache for directory 'C:/Users/Chiara/Documents/Unreal Projects/Daybreak/Daybreak/Content/Collections/' took 0.01s
[2018.04.17-13.57.27:206][  0]LogCollectionManager: Rebuilt the GUID cache for 0 collections in 0.000000 seconds
[2018.04.17-13.57.27:221][  0]LogContentBrowser: Native class hierarchy populated in 0.0147 seconds. Added 2372 classes and 524 folders.
[2018.04.17-13.57.27:379][  0]LogContentBrowser: Native class hierarchy updated for 'WidgetCarousel' in 0.0003 seconds. Added 0 classes and 0 folders.
[2018.04.17-13.57.28:743][  0]LogContentBrowser: Native class hierarchy updated for 'AddContentDialog' in 0.0005 seconds. Added 0 classes and 0 folders.
[2018.04.17-13.57.28:909][  0]LogContentBrowser: Native class hierarchy updated for 'SceneOutliner' in 0.0004 seconds. Added 1 classes and 2 folders.
[2018.04.17-13.57.28:944][  0]LogSlate: Took 0.000312 seconds to synchronously load lazily loaded font '../../../Engine/Content/Slate/Fonts/Roboto-Regular.ttf' (155K)
[2018.04.17-13.57.28:968][  0]LogSlate: Took 0.020604 seconds to synchronously load lazily loaded font '../../../Engine/Content/Slate/Fonts/Roboto-Bold.ttf' (160K)
[2018.04.17-13.57.28:991][  0]LogSlate: Took 0.014846 seconds to synchronously load lazily loaded font '../../../Engine/Content/Editor/Slate/Fonts/FontAwesome.ttf' (139K)
[2018.04.17-13.57.29:221][  0]LogRenderer: Reallocating scene render targets to support 764x376 Format 9 NumSamples 1 (Frame:1).
[2018.04.17-13.57.29:814][  0]LogContentBrowser: Native class hierarchy updated for 'HierarchicalLODOutliner' in 0.0005 seconds. Added 1 classes and 2 folders.
[2018.04.17-13.57.29:814][  0]LogLoad: (Engine Initialization) Total time: 140.30 seconds
[2018.04.17-13.57.29:814][  0]LogLoad: (Engine Initialization) Total Blueprint compile time: 0.00 seconds
[2018.04.17-13.57.29:815][  0]LogExternalProfiler: Found external profiler: VSPerf
[2018.04.17-13.57.29:815][  0]LogExternalProfiler: Using external profiler: VSPerf
[2018.04.17-13.57.29:864][  0]LogContentStreaming: Texture pool size now 400 MB
[2018.04.17-13.57.29:901][  0]LogSlate: Took 0.000413 seconds to synchronously load lazily loaded font '../../../Engine/Content/Slate/Fonts/Roboto-Light.ttf' (159K)
[2018.04.17-13.57.30:982][  4]LogAssetRegistry: Asset discovery search completed in 87.6506 seconds
[2018.04.17-13.57.30:988][  4]LogCollectionManager: Rebuilt the object cache for 0 collections in 0.000000 seconds (found 0 objects)
[2018.04.17-13.57.30:988][  4]LogCollectionManager: Fixed up redirectors for 0 collections in 0.000126 seconds (updated 0 objects)
[2018.04.17-13.57.31:145][  5]LogSlate: Took 0.000636 seconds to synchronously load lazily loaded font '../../../Engine/Content/Slate/Fonts/Roboto-Light.ttf' (159K)
[2018.04.17-14.06.12:477][333]LogSlate: Took 0.000319 seconds to synchronously load lazily loaded font '../../../Engine/Content/Slate/Fonts/Roboto-Light.ttf' (159K)
[2018.04.17-14.06.13:090][333]LogSlate: Took 0.000323 seconds to synchronously load lazily loaded font '../../../Engine/Content/Slate/Fonts/Roboto-Regular.ttf' (155K)
[2018.04.17-14.06.13:235][333]LogContentBrowser: Native class hierarchy updated for 'BlueprintGraph' in 0.0008 seconds. Added 116 classes and 0 folders.
[2018.04.17-14.06.14:479][333]LogSlate: Took 0.005653 seconds to synchronously load lazily loaded font '../../../Engine/Content/Editor/Slate/Fonts/Roboto-BoldCondensed.ttf' (158K)
[2018.04.17-14.06.14:912][334]LogSlate: Took 0.000389 seconds to synchronously load lazily loaded font '../../../Engine/Content/Editor/Slate/Fonts/Roboto-Italic.ttf' (157K)
[2018.04.17-14.11.25:527][961]LogContentBrowser: Native class hierarchy updated for 'MaterialEditor' in 0.0004 seconds. Added 1 classes and 0 folders.
[2018.04.17-14.11.26:867][961]LogRenderer: Reallocating scene render targets to support 988x612 Format 9 NumSamples 1 (Frame:1).
[2018.04.17-14.11.41:427][652]LogBlueprint: Warning: [SunFrag1_Blueprint] 'PrimitiveComponent' variable not found. Base class was probably changed. /Game/CustomBP/SunFrag1_Blueprint.SunFrag1_Blueprint
[2018.04.17-14.11.41:427][652]LogBlueprint: Warning: [SunFrag1_Blueprint] 'PrimitiveComponent' variable not found. Base class was probably changed. /Game/CustomBP/SunFrag1_Blueprint.SunFrag1_Blueprint
[2018.04.17-14.11.41:428][652]LogBlueprint: Warning: [SunFrag1_Blueprint] 'TraceLength' variable not found. Base class was probably changed. /Game/CustomBP/SunFrag1_Blueprint.SunFrag1_Blueprint
[2018.04.17-14.11.41:428][652]LogBlueprint: Warning: [SunFrag1_Blueprint] 'TraceLength' variable not found. Base class was probably changed. /Game/CustomBP/SunFrag1_Blueprint.SunFrag1_Blueprint
[2018.04.17-14.11.41:428][652]LogBlueprint: Warning: [SunFrag1_Blueprint] 'PrimitiveComponent' variable not found. Base class was probably changed. /Game/CustomBP/SunFrag1_Blueprint.SunFrag1_Blueprint
[2018.04.17-14.11.41:429][652]LogBlueprint: Warning: [SunFrag1_Blueprint] 'HoverForce' variable not found. Base class was probably changed. /Game/CustomBP/SunFrag1_Blueprint.SunFrag1_Blueprint
[2018.04.17-14.11.41:429][652]LogBlueprint: Warning: [SunFrag1_Blueprint] 'LinearDamping' variable not found. Base class was probably changed. /Game/CustomBP/SunFrag1_Blueprint.SunFrag1_Blueprint
[2018.04.17-14.11.41:429][652]LogBlueprint: Warning: [SunFrag1_Blueprint] 'AngularDamping' variable not found. Base class was probably changed. /Game/CustomBP/SunFrag1_Blueprint.SunFrag1_Blueprint
[2018.04.17-14.11.44:151][813]LogEditorTransaction: Undo Paste clipboard contents
[2018.04.17-14.11.47:027][991]LogUObjectHash: Warning: Ambiguous search, could be K2Node_CustomEvent /Game/CustomBP/SunFrag1_Blueprint.SunFrag1_Blueprint:EventGraph.K2Node_Event_0 or K2Node_Event /Game/CustomBP/SunFrag1_Blueprint.SunFrag1_Blueprint:EventGraph.K2Node_Event_0
[2018.04.17-14.11.47:027][991]LogUObjectHash: Warning: Ambiguous search, could be K2Node_CustomEvent /Game/CustomBP/SunFrag1_Blueprint.SunFrag1_Blueprint:EventGraph.K2Node_Event_0 or K2Node_Event /Game/CustomBP/SunFrag1_Blueprint.SunFrag1_Blueprint:EventGraph.K2Node_Event_0
[2018.04.17-14.11.47:027][991]LogUObjectHash: Warning: Ambiguous search, could be K2Node_Event /Game/CustomBP/SunFrag1_Blueprint.SunFrag1_Blueprint:EventGraph.K2Node_Event_0 or K2Node_Event /Game/CustomBP/SunFrag1_Blueprint.SunFrag1_Blueprint:EventGraph.K2Node_Event_0
[2018.04.17-14.11.47:027][991]LogUObjectHash: Warning: Ambiguous search, could be K2Node_CustomEvent /Game/CustomBP/SunFrag1_Blueprint.SunFrag1_Blueprint:EventGraph.K2Node_Event_1 or K2Node_Event /Game/CustomBP/SunFrag1_Blueprint.SunFrag1_Blueprint:EventGraph.K2Node_Event_1
[2018.04.17-14.11.47:029][991]LogUObjectHash: Warning: Ambiguous search, could be K2Node_CallFunction /Game/CustomBP/SunFrag1_Blueprint.SunFrag1_Blueprint:EventGraph.K2Node_CallFunction_6 or K2Node_CallFunction /Game/CustomBP/SunFrag1_Blueprint.SunFrag1_Blueprint:EventGraph.K2Node_CallFunction_6
[2018.04.17-14.11.47:029][991]LogUObjectHash: Warning: Ambiguous search, could be K2Node_CallFunction /Game/CustomBP/SunFrag1_Blueprint.SunFrag1_Blueprint:EventGraph.K2Node_CallFunction_7 or K2Node_CallFunction /Game/CustomBP/SunFrag1_Blueprint.SunFrag1_Blueprint:EventGraph.K2Node_CallFunction_7
[2018.04.17-14.11.47:030][991]LogUObjectHash: Warning: Ambiguous search, could be K2Node_VariableGet /Game/CustomBP/SunFrag1_Blueprint.SunFrag1_Blueprint:EventGraph.K2Node_VariableGet_2 or K2Node_VariableGet /Game/CustomBP/SunFrag1_Blueprint.SunFrag1_Blueprint:EventGraph.K2Node_VariableGet_2
[2018.04.17-14.11.47:033][991]LogUObjectHash: Warning: Ambiguous search, could be K2Node_Event /Game/CustomBP/SunFrag1_Blueprint.SunFrag1_Blueprint:EventGraph.K2Node_Event_0 or K2Node_Event /Game/CustomBP/SunFrag1_Blueprint.SunFrag1_Blueprint:EventGraph.K2Node_Event_0
[2018.04.17-14.11.47:047][991]LogWindows: Windows GetLastError: The operation completed successfully. (0)
[2018.04.17-14.11.57:060][991]LogWindows: Error: === Critical error: ===
[2018.04.17-14.11.57:060][991]LogWindows: Error: 
[2018.04.17-14.11.57:060][991]LogWindows: Error: Fatal error: [File:D:\Build\++UE4+Release-4.18+Compile\Sync\Engine\Source\Runtime\CoreUObject\Private\UObject\UObjectGlobals.cpp] [Line: 2310] 
[2018.04.17-14.11.57:060][991]LogWindows: Error: Objects have the same fully qualified name but different paths.
[2018.04.17-14.11.57:060][991]LogWindows: Error: 	New Object: K2Node_CustomEvent /Game/CustomBP/SunFrag1_Blueprint.SunFrag1_Blueprint:EventGraph.K2Node_Event_0
[2018.04.17-14.11.57:060][991]LogWindows: Error: 	Existing Object: K2Node_Event /Game/CustomBP/SunFrag1_Blueprint.SunFrag1_Blueprint:EventGraph.K2Node_Event_0
[2018.04.17-14.11.57:060][991]LogWindows: Error: 
[2018.04.17-14.11.57:060][991]LogWindows: Error: 
[2018.04.17-14.11.57:060][991]LogWindows: Error: [Callstack] 0x0000000082B54008 KERNELBASE.dll!UnknownFunction []
[2018.04.17-14.11.57:060][991]LogWindows: Error: [Callstack] 0x00000000508176D4 UE4Editor-ApplicationCore.dll!UnknownFunction []
[2018.04.17-14.11.57:060][991]LogWindows: Error: [Callstack] 0x000000003C9E330B UE4Editor-Core.dll!UnknownFunction []
[2018.04.17-14.11.57:060][991]LogWindows: Error: [Callstack] 0x000000003C9747F9 UE4Editor-Core.dll!UnknownFunction []
[2018.04.17-14.11.57:060][991]LogWindows: Error: [Callstack] 0x00000000421BDBB7 UE4Editor-CoreUObject.dll!UnknownFunction []
[2018.04.17-14.11.57:060][991]LogWindows: Error: [Callstack] 0x00000000421C0191 UE4Editor-CoreUObject.dll!UnknownFunction []
[2018.04.17-14.11.57:060][991]LogWindows: Error: [Callstack] 0x000000003749B3DD UE4Editor-BlueprintGraph.dll!UnknownFunction []
[2018.04.17-14.11.57:060][991]LogWindows: Error: [Callstack] 0x00000000374D8CED UE4Editor-BlueprintGraph.dll!UnknownFunction []
[2018.04.17-14.11.57:060][991]LogWindows: Error: [Callstack] 0x0000000030DF740F UE4Editor-UnrealEd.dll!UnknownFunction []
[2018.04.17-14.11.57:060][991]LogWindows: Error: [Callstack] 0x0000000030FC76AA UE4Editor-UnrealEd.dll!UnknownFunction []
[2018.04.17-14.11.57:060][991]LogWindows: Error: [Callstack] 0x0000000030DDD3B3 UE4Editor-UnrealEd.dll!UnknownFunction []
[2018.04.17-14.11.57:060][991]LogWindows: Error: [Callstack] 0x00000000392C720D UE4Editor-Kismet.dll!UnknownFunction []
[2018.04.17-14.11.57:060][991]LogWindows: Error: [Callstack] 0x00000000392C6FEF UE4Editor-Kismet.dll!UnknownFunction []
[2018.04.17-14.11.57:060][991]LogWindows: Error: [Callstack] 0x0000000039250FC1 UE4Editor-Kismet.dll!UnknownFunction []
[2018.04.17-14.11.57:060][991]LogWindows: Error: [Callstack] 0x0000000039255D26 UE4Editor-Kismet.dll!UnknownFunction []
[2018.04.17-14.11.57:060][991]LogWindows: Error: [Callstack] 0x000000003E9D9636 UE4Editor-Slate.dll!UnknownFunction []
[2018.04.17-14.11.57:060][991]LogWindows: Error: [Callstack] 0x000000003EA183A0 UE4Editor-Slate.dll!UnknownFunction []
[2018.04.17-14.11.57:060][991]LogWindows: Error: [Callstack] 0x0000000033201D7D UE4Editor-GraphEditor.dll!UnknownFunction []
[2018.04.17-14.11.57:060][991]LogWindows: Error: [Callstack] 0x000000003E9C63A1 UE4Editor-Slate.dll!UnknownFunction []
[2018.04.17-14.11.57:061][991]LogWindows: Error: [Callstack] 0x000000003E99700E UE4Editor-Slate.dll!UnknownFunction []
[2018.04.17-14.11.57:061][991]LogWindows: Error: [Callstack] 0x000000003E998C16 UE4Editor-Slate.dll!UnknownFunction []
[2018.04.17-14.11.57:061][991]LogWindows: Error: [Callstack] 0x000000003EA1988C UE4Editor-Slate.dll!UnknownFunction []
[2018.04.17-14.11.57:061][991]LogWindows: Error: [Callstack] 0x000000003EA0BEE8 UE4Editor-Slate.dll!UnknownFunction []
[2018.04.17-14.11.57:061][991]LogWindows: Error: [Callstack] 0x000000005080E28A UE4Editor-ApplicationCore.dll!UnknownFunction []
[2018.04.17-14.11.57:061][991]LogWindows: Error: [Callstack] 0x0000000050801A48 UE4Editor-ApplicationCore.dll!UnknownFunction []
[2018.04.17-14.11.57:061][991]LogWindows: Error: [Callstack] 0x00000000508103EC UE4Editor-ApplicationCore.dll!UnknownFunction []
[2018.04.17-14.11.57:061][991]LogWindows: Error: [Callstack] 0x00000000507FD5A9 UE4Editor-ApplicationCore.dll!UnknownFunction []
[2018.04.17-14.11.57:061][991]LogWindows: Error: [Callstack] 0x0000000085B8B85D USER32.dll!UnknownFunction []
[2018.04.17-14.11.57:061][991]LogWindows: Error: [Callstack] 0x0000000085B8B1EF USER32.dll!UnknownFunction []
[2018.04.17-14.11.57:061][991]LogWindows: Error: [Callstack] 0x0000000050811516 UE4Editor-ApplicationCore.dll!UnknownFunction []
[2018.04.17-14.11.57:061][991]LogWindows: Error: [Callstack] 0x00000000127750C8 UE4Editor.exe!UnknownFunction []
[2018.04.17-14.11.57:061][991]LogWindows: Error: [Callstack] 0x0000000012785430 UE4Editor.exe!UnknownFunction []
[2018.04.17-14.11.57:061][991]LogWindows: Error: [Callstack] 0x00000000127854AA UE4Editor.exe!UnknownFunction []
[2018.04.17-14.11.57:061][991]LogWindows: Error: [Callstack] 0x0000000012792379 UE4Editor.exe!UnknownFunction []
[2018.04.17-14.11.57:061][991]LogWindows: Error: [Callstack] 0x0000000012793D57 UE4Editor.exe!UnknownFunction []
[2018.04.17-14.11.57:061][991]LogWindows: Error: [Callstack] 0x0000000085AE1FE4 KERNEL32.DLL!UnknownFunction []
[2018.04.17-14.11.57:061][991]LogWindows: Error: [Callstack] 0x00000000863AEFC1 ntdll.dll!UnknownFunction []
[2018.04.17-14.11.57:061][991]LogWindows: Error: [Callstack] 0x00000000863AEFC1 ntdll.dll!UnknownFunction []
[2018.04.17-14.11.57:061][991]LogWindows: Error: 
[2018.04.17-14.11.57:082][991]LogExit: Executing StaticShutdownAfterError
[2018.04.17-14.11.57:090][991]LogWindows: FPlatformMisc::RequestExit(1)
[2018.04.17-14.11.57:119][991]Log file closed, 04/17/18 10:11:57
